2022-06-15 11:17:54,787 [Worker-60] WARN  o.e.r.models.ModelRepository - Failed to download org.eclipse.recommenders:index::zip:0.0.0
org.eclipse.aether.resolution.ArtifactResolutionException: Could not transfer artifact org.eclipse.recommenders:index:zip:0.0.0-SNAPSHOT from/to models (http://download.eclipse.org/recommenders/models/mars/): download.eclipse.org
	at org.eclipse.aether.internal.impl.DefaultArtifactResolver.resolve(DefaultArtifactResolver.java:444) ~[na:na]
	at org.eclipse.aether.internal.impl.DefaultArtifactResolver.resolveArtifacts(DefaultArtifactResolver.java:246) ~[na:na]
	at org.eclipse.aether.internal.impl.DefaultArtifactResolver.resolveArtifact(DefaultArtifactResolver.java:223) ~[na:na]
	at org.eclipse.aether.internal.impl.DefaultRepositorySystem.resolveArtifact(DefaultRepositorySystem.java:294) ~[na:na]
	at org.eclipse.recommenders.models.ModelRepository.resolveInternal(ModelRepository.java:192) [org.eclipse.recommenders.models_2.3.0.v20160216-1255.jar:na]
	at org.eclipse.recommenders.models.ModelRepository.resolve(ModelRepository.java:174) [org.eclipse.recommenders.models_2.3.0.v20160216-1255.jar:na]
	at org.eclipse.recommenders.internal.models.rcp.EclipseModelRepository.resolve(EclipseModelRepository.java:165) [org.eclipse.recommenders.models.rcp_2.3.0.v20160216-1255.jar:na]
	at org.eclipse.recommenders.internal.models.rcp.DownloadModelArchiveJob.run(DownloadModelArchiveJob.java:76) [org.eclipse.recommenders.models.rcp_2.3.0.v20160216-1255.jar:na]
	at org.eclipse.core.internal.jobs.Worker.run(Worker.java:55) [org.eclipse.core.jobs_3.7.0.v20150330-2103.jar:na]
Caused by: org.eclipse.aether.transfer.ArtifactTransferException: Could not transfer artifact org.eclipse.recommenders:index:zip:0.0.0-SNAPSHOT from/to models (http://download.eclipse.org/recommenders/models/mars/): download.eclipse.org
	at org.eclipse.aether.connector.basic.ArtifactTransportListener.transferFailed(ArtifactTransportListener.java:43) ~[org.eclipse.aether.connector.basic_1.0.1.v20141111.jar:na]
	at org.eclipse.aether.connector.basic.BasicRepositoryConnector$TaskRunner.run(BasicRepositoryConnector.java:355) ~[org.eclipse.aether.connector.basic_1.0.1.v20141111.jar:na]
	at org.eclipse.aether.util.concurrency.RunnableErrorForwarder$1.run(RunnableErrorForwarder.java:67) ~[na:na]
	at org.eclipse.aether.connector.basic.BasicRepositoryConnector$DirectExecutor.execute(BasicRepositoryConnector.java:581) ~[org.eclipse.aether.connector.basic_1.0.1.v20141111.jar:na]
	at org.eclipse.aether.connector.basic.BasicRepositoryConnector.get(BasicRepositoryConnector.java:249) ~[org.eclipse.aether.connector.basic_1.0.1.v20141111.jar:na]
	at org.eclipse.aether.internal.impl.DefaultArtifactResolver.performDownloads(DefaultArtifactResolver.java:520) ~[na:na]
	at org.eclipse.aether.internal.impl.DefaultArtifactResolver.resolve(DefaultArtifactResolver.java:421) ~[na:na]
	... 8 common frames omitted
Caused by: java.net.UnknownHostException: download.eclipse.org
	at java.net.InetAddress.getAllByName0(Unknown Source) ~[na:1.8.0_321]
	at java.net.InetAddress.getAllByName(Unknown Source) ~[na:1.8.0_321]
	at java.net.InetAddress.getAllByName(Unknown Source) ~[na:1.8.0_321]
	at org.apache.http.impl.conn.SystemDefaultDnsResolver.resolve(SystemDefaultDnsResolver.java:44) ~[na:na]
	at org.apache.http.impl.conn.DefaultClientConnectionOperator.resolveHostname(DefaultClientConnectionOperator.java:259) ~[na:na]
	at org.apache.http.impl.conn.DefaultClientConnectionOperator.openConnection(DefaultClientConnectionOperator.java:159) ~[na:na]
	at org.apache.http.impl.conn.ManagedClientConnectionImpl.open(ManagedClientConnectionImpl.java:304) ~[na:na]
	at org.apache.http.impl.client.DefaultRequestDirector.tryConnect(DefaultRequestDirector.java:611) ~[na:na]
	at org.apache.http.impl.client.DefaultRequestDirector.execute(DefaultRequestDirector.java:446) ~[na:na]
	at org.apache.http.impl.client.AbstractHttpClient.doExecute(AbstractHttpClient.java:863) ~[na:na]
	at org.apache.http.impl.client.CloseableHttpClient.execute(CloseableHttpClient.java:72) ~[na:na]
	at org.apache.http.impl.client.CloseableHttpClient.execute(CloseableHttpClient.java:57) ~[na:na]
	at org.apache.http.impl.client.DecompressingHttpClient.execute(DecompressingHttpClient.java:158) ~[na:na]
	at org.eclipse.aether.transport.http.HttpTransporter.execute(HttpTransporter.java:287) ~[org.eclipse.aether.transport.http_1.0.1.v20141111.jar:na]
	at org.eclipse.aether.transport.http.HttpTransporter.implGet(HttpTransporter.java:243) ~[org.eclipse.aether.transport.http_1.0.1.v20141111.jar:na]
	at org.eclipse.aether.spi.connector.transport.AbstractTransporter.get(AbstractTransporter.java:59) ~[org.eclipse.aether.spi_1.0.1.v20141111.jar:na]
	at org.eclipse.aether.connector.basic.BasicRepositoryConnector$GetTaskRunner.runTask(BasicRepositoryConnector.java:447) ~[org.eclipse.aether.connector.basic_1.0.1.v20141111.jar:na]
	at org.eclipse.aether.connector.basic.BasicRepositoryConnector$TaskRunner.run(BasicRepositoryConnector.java:350) ~[org.eclipse.aether.connector.basic_1.0.1.v20141111.jar:na]
	... 13 common frames omitted
2022-06-16 13:13:37,920 [Worker-26] WARN  o.e.r.models.ModelRepository - Failed to download org.eclipse.recommenders:index::zip:0.0.0
org.eclipse.aether.resolution.ArtifactResolutionException: Could not find artifact org.eclipse.recommenders:index:zip:0.0.0-SNAPSHOT in models (http://download.eclipse.org/recommenders/models/mars/)
	at org.eclipse.aether.internal.impl.DefaultArtifactResolver.resolve(DefaultArtifactResolver.java:444) ~[na:na]
	at org.eclipse.aether.internal.impl.DefaultArtifactResolver.resolveArtifacts(DefaultArtifactResolver.java:246) ~[na:na]
	at org.eclipse.aether.internal.impl.DefaultArtifactResolver.resolveArtifact(DefaultArtifactResolver.java:223) ~[na:na]
	at org.eclipse.aether.internal.impl.DefaultRepositorySystem.resolveArtifact(DefaultRepositorySystem.java:294) ~[na:na]
	at org.eclipse.recommenders.models.ModelRepository.resolveInternal(ModelRepository.java:192) [org.eclipse.recommenders.models_2.3.0.v20160216-1255.jar:na]
	at org.eclipse.recommenders.models.ModelRepository.resolve(ModelRepository.java:174) [org.eclipse.recommenders.models_2.3.0.v20160216-1255.jar:na]
	at org.eclipse.recommenders.internal.models.rcp.EclipseModelRepository.resolve(EclipseModelRepository.java:165) [org.eclipse.recommenders.models.rcp_2.3.0.v20160216-1255.jar:na]
	at org.eclipse.recommenders.internal.models.rcp.DownloadModelArchiveJob.run(DownloadModelArchiveJob.java:76) [org.eclipse.recommenders.models.rcp_2.3.0.v20160216-1255.jar:na]
	at org.eclipse.core.internal.jobs.Worker.run(Worker.java:55) [org.eclipse.core.jobs_3.7.0.v20150330-2103.jar:na]
Caused by: org.eclipse.aether.transfer.ArtifactNotFoundException: Could not find artifact org.eclipse.recommenders:index:zip:0.0.0-SNAPSHOT in models (http://download.eclipse.org/recommenders/models/mars/)
	at org.eclipse.aether.connector.basic.ArtifactTransportListener.transferFailed(ArtifactTransportListener.java:39) ~[org.eclipse.aether.connector.basic_1.0.1.v20141111.jar:na]
	at org.eclipse.aether.connector.basic.BasicRepositoryConnector$TaskRunner.run(BasicRepositoryConnector.java:355) ~[org.eclipse.aether.connector.basic_1.0.1.v20141111.jar:na]
	at org.eclipse.aether.util.concurrency.RunnableErrorForwarder$1.run(RunnableErrorForwarder.java:67) ~[na:na]
	at org.eclipse.aether.connector.basic.BasicRepositoryConnector$DirectExecutor.execute(BasicRepositoryConnector.java:581) ~[org.eclipse.aether.connector.basic_1.0.1.v20141111.jar:na]
	at org.eclipse.aether.connector.basic.BasicRepositoryConnector.get(BasicRepositoryConnector.java:249) ~[org.eclipse.aether.connector.basic_1.0.1.v20141111.jar:na]
	at org.eclipse.aether.internal.impl.DefaultArtifactResolver.performDownloads(DefaultArtifactResolver.java:520) ~[na:na]
	at org.eclipse.aether.internal.impl.DefaultArtifactResolver.resolve(DefaultArtifactResolver.java:421) ~[na:na]
	... 8 common frames omitted
2022-06-17 12:09:55,851 [Worker-92] WARN  o.e.r.models.ModelRepository - Failed to download org.eclipse.recommenders:index::zip:0.0.0
org.eclipse.aether.resolution.ArtifactResolutionException: Could not transfer artifact org.eclipse.recommenders:index:zip:0.0.0-SNAPSHOT from/to models (http://download.eclipse.org/recommenders/models/mars/): Checksum validation failed, expected <!DOCTYPE but is c12a6bbbe1b581cc6b7853efb5ca9f13d7e942ed
	at org.eclipse.aether.internal.impl.DefaultArtifactResolver.resolve(DefaultArtifactResolver.java:444) ~[na:na]
	at org.eclipse.aether.internal.impl.DefaultArtifactResolver.resolveArtifacts(DefaultArtifactResolver.java:246) ~[na:na]
	at org.eclipse.aether.internal.impl.DefaultArtifactResolver.resolveArtifact(DefaultArtifactResolver.java:223) ~[na:na]
	at org.eclipse.aether.internal.impl.DefaultRepositorySystem.resolveArtifact(DefaultRepositorySystem.java:294) ~[na:na]
	at org.eclipse.recommenders.models.ModelRepository.resolveInternal(ModelRepository.java:192) [org.eclipse.recommenders.models_2.3.0.v20160216-1255.jar:na]
	at org.eclipse.recommenders.models.ModelRepository.resolve(ModelRepository.java:174) [org.eclipse.recommenders.models_2.3.0.v20160216-1255.jar:na]
	at org.eclipse.recommenders.internal.models.rcp.EclipseModelRepository.resolve(EclipseModelRepository.java:165) [org.eclipse.recommenders.models.rcp_2.3.0.v20160216-1255.jar:na]
	at org.eclipse.recommenders.internal.models.rcp.DownloadModelArchiveJob.run(DownloadModelArchiveJob.java:76) [org.eclipse.recommenders.models.rcp_2.3.0.v20160216-1255.jar:na]
	at org.eclipse.core.internal.jobs.Worker.run(Worker.java:55) [org.eclipse.core.jobs_3.7.0.v20150330-2103.jar:na]
Caused by: org.eclipse.aether.transfer.ArtifactTransferException: Could not transfer artifact org.eclipse.recommenders:index:zip:0.0.0-SNAPSHOT from/to models (http://download.eclipse.org/recommenders/models/mars/): Checksum validation failed, expected <!DOCTYPE but is c12a6bbbe1b581cc6b7853efb5ca9f13d7e942ed
	at org.eclipse.aether.connector.basic.ArtifactTransportListener.transferFailed(ArtifactTransportListener.java:43) ~[org.eclipse.aether.connector.basic_1.0.1.v20141111.jar:na]
	at org.eclipse.aether.connector.basic.BasicRepositoryConnector$TaskRunner.run(BasicRepositoryConnector.java:355) ~[org.eclipse.aether.connector.basic_1.0.1.v20141111.jar:na]
	at org.eclipse.aether.util.concurrency.RunnableErrorForwarder$1.run(RunnableErrorForwarder.java:67) ~[na:na]
	at org.eclipse.aether.connector.basic.BasicRepositoryConnector$DirectExecutor.execute(BasicRepositoryConnector.java:581) ~[org.eclipse.aether.connector.basic_1.0.1.v20141111.jar:na]
	at org.eclipse.aether.connector.basic.BasicRepositoryConnector.get(BasicRepositoryConnector.java:249) ~[org.eclipse.aether.connector.basic_1.0.1.v20141111.jar:na]
	at org.eclipse.aether.internal.impl.DefaultArtifactResolver.performDownloads(DefaultArtifactResolver.java:520) ~[na:na]
	at org.eclipse.aether.internal.impl.DefaultArtifactResolver.resolve(DefaultArtifactResolver.java:421) ~[na:na]
	... 8 common frames omitted
Caused by: org.eclipse.aether.transfer.ChecksumFailureException: Checksum validation failed, expected <!DOCTYPE but is c12a6bbbe1b581cc6b7853efb5ca9f13d7e942ed
	at org.eclipse.aether.connector.basic.ChecksumValidator.validateExternalChecksums(ChecksumValidator.java:165) ~[org.eclipse.aether.connector.basic_1.0.1.v20141111.jar:na]
	at org.eclipse.aether.connector.basic.ChecksumValidator.validate(ChecksumValidator.java:94) ~[org.eclipse.aether.connector.basic_1.0.1.v20141111.jar:na]
	at org.eclipse.aether.connector.basic.BasicRepositoryConnector$GetTaskRunner.runTask(BasicRepositoryConnector.java:450) ~[org.eclipse.aether.connector.basic_1.0.1.v20141111.jar:na]
	at org.eclipse.aether.connector.basic.BasicRepositoryConnector$TaskRunner.run(BasicRepositoryConnector.java:350) ~[org.eclipse.aether.connector.basic_1.0.1.v20141111.jar:na]
	... 13 common frames omitted
2022-06-21 11:05:18,953 [Worker-36] WARN  o.e.r.models.ModelRepository - Failed to download org.eclipse.recommenders:index::zip:0.0.0
org.eclipse.aether.resolution.ArtifactResolutionException: Could not find artifact org.eclipse.recommenders:index:zip:0.0.0-SNAPSHOT in models (http://download.eclipse.org/recommenders/models/mars/)
	at org.eclipse.aether.internal.impl.DefaultArtifactResolver.resolve(DefaultArtifactResolver.java:444) ~[na:na]
	at org.eclipse.aether.internal.impl.DefaultArtifactResolver.resolveArtifacts(DefaultArtifactResolver.java:246) ~[na:na]
	at org.eclipse.aether.internal.impl.DefaultArtifactResolver.resolveArtifact(DefaultArtifactResolver.java:223) ~[na:na]
	at org.eclipse.aether.internal.impl.DefaultRepositorySystem.resolveArtifact(DefaultRepositorySystem.java:294) ~[na:na]
	at org.eclipse.recommenders.models.ModelRepository.resolveInternal(ModelRepository.java:192) [org.eclipse.recommenders.models_2.3.0.v20160216-1255.jar:na]
	at org.eclipse.recommenders.models.ModelRepository.resolve(ModelRepository.java:174) [org.eclipse.recommenders.models_2.3.0.v20160216-1255.jar:na]
	at org.eclipse.recommenders.internal.models.rcp.EclipseModelRepository.resolve(EclipseModelRepository.java:165) [org.eclipse.recommenders.models.rcp_2.3.0.v20160216-1255.jar:na]
	at org.eclipse.recommenders.internal.models.rcp.DownloadModelArchiveJob.run(DownloadModelArchiveJob.java:76) [org.eclipse.recommenders.models.rcp_2.3.0.v20160216-1255.jar:na]
	at org.eclipse.core.internal.jobs.Worker.run(Worker.java:55) [org.eclipse.core.jobs_3.7.0.v20150330-2103.jar:na]
Caused by: org.eclipse.aether.transfer.ArtifactNotFoundException: Could not find artifact org.eclipse.recommenders:index:zip:0.0.0-SNAPSHOT in models (http://download.eclipse.org/recommenders/models/mars/)
	at org.eclipse.aether.connector.basic.ArtifactTransportListener.transferFailed(ArtifactTransportListener.java:39) ~[org.eclipse.aether.connector.basic_1.0.1.v20141111.jar:na]
	at org.eclipse.aether.connector.basic.BasicRepositoryConnector$TaskRunner.run(BasicRepositoryConnector.java:355) ~[org.eclipse.aether.connector.basic_1.0.1.v20141111.jar:na]
	at org.eclipse.aether.util.concurrency.RunnableErrorForwarder$1.run(RunnableErrorForwarder.java:67) ~[na:na]
	at org.eclipse.aether.connector.basic.BasicRepositoryConnector$DirectExecutor.execute(BasicRepositoryConnector.java:581) ~[org.eclipse.aether.connector.basic_1.0.1.v20141111.jar:na]
	at org.eclipse.aether.connector.basic.BasicRepositoryConnector.get(BasicRepositoryConnector.java:249) ~[org.eclipse.aether.connector.basic_1.0.1.v20141111.jar:na]
	at org.eclipse.aether.internal.impl.DefaultArtifactResolver.performDownloads(DefaultArtifactResolver.java:520) ~[na:na]
	at org.eclipse.aether.internal.impl.DefaultArtifactResolver.resolve(DefaultArtifactResolver.java:421) ~[na:na]
	... 8 common frames omitted
2022-06-22 09:59:32,757 [Worker-30] WARN  o.e.r.models.ModelRepository - Failed to download org.eclipse.recommenders:index::zip:0.0.0
org.eclipse.aether.resolution.ArtifactResolutionException: Could not transfer artifact org.eclipse.recommenders:index:zip:0.0.0-SNAPSHOT from/to models (http://download.eclipse.org/recommenders/models/mars/): download.eclipse.org
	at org.eclipse.aether.internal.impl.DefaultArtifactResolver.resolve(DefaultArtifactResolver.java:444) ~[na:na]
	at org.eclipse.aether.internal.impl.DefaultArtifactResolver.resolveArtifacts(DefaultArtifactResolver.java:246) ~[na:na]
	at org.eclipse.aether.internal.impl.DefaultArtifactResolver.resolveArtifact(DefaultArtifactResolver.java:223) ~[na:na]
	at org.eclipse.aether.internal.impl.DefaultRepositorySystem.resolveArtifact(DefaultRepositorySystem.java:294) ~[na:na]
	at org.eclipse.recommenders.models.ModelRepository.resolveInternal(ModelRepository.java:192) [org.eclipse.recommenders.models_2.3.0.v20160216-1255.jar:na]
	at org.eclipse.recommenders.models.ModelRepository.resolve(ModelRepository.java:174) [org.eclipse.recommenders.models_2.3.0.v20160216-1255.jar:na]
	at org.eclipse.recommenders.internal.models.rcp.EclipseModelRepository.resolve(EclipseModelRepository.java:165) [org.eclipse.recommenders.models.rcp_2.3.0.v20160216-1255.jar:na]
	at org.eclipse.recommenders.internal.models.rcp.DownloadModelArchiveJob.run(DownloadModelArchiveJob.java:76) [org.eclipse.recommenders.models.rcp_2.3.0.v20160216-1255.jar:na]
	at org.eclipse.core.internal.jobs.Worker.run(Worker.java:55) [org.eclipse.core.jobs_3.7.0.v20150330-2103.jar:na]
Caused by: org.eclipse.aether.transfer.ArtifactTransferException: Could not transfer artifact org.eclipse.recommenders:index:zip:0.0.0-SNAPSHOT from/to models (http://download.eclipse.org/recommenders/models/mars/): download.eclipse.org
	at org.eclipse.aether.connector.basic.ArtifactTransportListener.transferFailed(ArtifactTransportListener.java:43) ~[org.eclipse.aether.connector.basic_1.0.1.v20141111.jar:na]
	at org.eclipse.aether.connector.basic.BasicRepositoryConnector$TaskRunner.run(BasicRepositoryConnector.java:355) ~[org.eclipse.aether.connector.basic_1.0.1.v20141111.jar:na]
	at org.eclipse.aether.util.concurrency.RunnableErrorForwarder$1.run(RunnableErrorForwarder.java:67) ~[na:na]
	at org.eclipse.aether.connector.basic.BasicRepositoryConnector$DirectExecutor.execute(BasicRepositoryConnector.java:581) ~[org.eclipse.aether.connector.basic_1.0.1.v20141111.jar:na]
	at org.eclipse.aether.connector.basic.BasicRepositoryConnector.get(BasicRepositoryConnector.java:249) ~[org.eclipse.aether.connector.basic_1.0.1.v20141111.jar:na]
	at org.eclipse.aether.internal.impl.DefaultArtifactResolver.performDownloads(DefaultArtifactResolver.java:520) ~[na:na]
	at org.eclipse.aether.internal.impl.DefaultArtifactResolver.resolve(DefaultArtifactResolver.java:421) ~[na:na]
	... 8 common frames omitted
Caused by: java.net.UnknownHostException: download.eclipse.org
	at java.net.InetAddress.getAllByName0(Unknown Source) ~[na:1.8.0_321]
	at java.net.InetAddress.getAllByName(Unknown Source) ~[na:1.8.0_321]
	at java.net.InetAddress.getAllByName(Unknown Source) ~[na:1.8.0_321]
	at org.apache.http.impl.conn.SystemDefaultDnsResolver.resolve(SystemDefaultDnsResolver.java:44) ~[na:na]
	at org.apache.http.impl.conn.DefaultClientConnectionOperator.resolveHostname(DefaultClientConnectionOperator.java:259) ~[na:na]
	at org.apache.http.impl.conn.DefaultClientConnectionOperator.openConnection(DefaultClientConnectionOperator.java:159) ~[na:na]
	at org.apache.http.impl.conn.ManagedClientConnectionImpl.open(ManagedClientConnectionImpl.java:304) ~[na:na]
	at org.apache.http.impl.client.DefaultRequestDirector.tryConnect(DefaultRequestDirector.java:611) ~[na:na]
	at org.apache.http.impl.client.DefaultRequestDirector.execute(DefaultRequestDirector.java:446) ~[na:na]
	at org.apache.http.impl.client.AbstractHttpClient.doExecute(AbstractHttpClient.java:863) ~[na:na]
	at org.apache.http.impl.client.CloseableHttpClient.execute(CloseableHttpClient.java:72) ~[na:na]
	at org.apache.http.impl.client.CloseableHttpClient.execute(CloseableHttpClient.java:57) ~[na:na]
	at org.apache.http.impl.client.DecompressingHttpClient.execute(DecompressingHttpClient.java:158) ~[na:na]
	at org.eclipse.aether.transport.http.HttpTransporter.execute(HttpTransporter.java:287) ~[org.eclipse.aether.transport.http_1.0.1.v20141111.jar:na]
	at org.eclipse.aether.transport.http.HttpTransporter.implGet(HttpTransporter.java:243) ~[org.eclipse.aether.transport.http_1.0.1.v20141111.jar:na]
	at org.eclipse.aether.spi.connector.transport.AbstractTransporter.get(AbstractTransporter.java:59) ~[org.eclipse.aether.spi_1.0.1.v20141111.jar:na]
	at org.eclipse.aether.connector.basic.BasicRepositoryConnector$GetTaskRunner.runTask(BasicRepositoryConnector.java:447) ~[org.eclipse.aether.connector.basic_1.0.1.v20141111.jar:na]
	at org.eclipse.aether.connector.basic.BasicRepositoryConnector$TaskRunner.run(BasicRepositoryConnector.java:350) ~[org.eclipse.aether.connector.basic_1.0.1.v20141111.jar:na]
	... 13 common frames omitted
2022-06-23 17:14:50,688 [Worker-32] WARN  o.e.r.models.ModelRepository - Failed to download org.eclipse.recommenders:index::zip:0.0.0
org.eclipse.aether.resolution.ArtifactResolutionException: Could not transfer artifact org.eclipse.recommenders:index:zip:0.0.0-SNAPSHOT from/to models (http://download.eclipse.org/recommenders/models/mars/): download.eclipse.org
	at org.eclipse.aether.internal.impl.DefaultArtifactResolver.resolve(DefaultArtifactResolver.java:444) ~[na:na]
	at org.eclipse.aether.internal.impl.DefaultArtifactResolver.resolveArtifacts(DefaultArtifactResolver.java:246) ~[na:na]
	at org.eclipse.aether.internal.impl.DefaultArtifactResolver.resolveArtifact(DefaultArtifactResolver.java:223) ~[na:na]
	at org.eclipse.aether.internal.impl.DefaultRepositorySystem.resolveArtifact(DefaultRepositorySystem.java:294) ~[na:na]
	at org.eclipse.recommenders.models.ModelRepository.resolveInternal(ModelRepository.java:192) [org.eclipse.recommenders.models_2.3.0.v20160216-1255.jar:na]
	at org.eclipse.recommenders.models.ModelRepository.resolve(ModelRepository.java:174) [org.eclipse.recommenders.models_2.3.0.v20160216-1255.jar:na]
	at org.eclipse.recommenders.internal.models.rcp.EclipseModelRepository.resolve(EclipseModelRepository.java:165) [org.eclipse.recommenders.models.rcp_2.3.0.v20160216-1255.jar:na]
	at org.eclipse.recommenders.internal.models.rcp.DownloadModelArchiveJob.run(DownloadModelArchiveJob.java:76) [org.eclipse.recommenders.models.rcp_2.3.0.v20160216-1255.jar:na]
	at org.eclipse.core.internal.jobs.Worker.run(Worker.java:55) [org.eclipse.core.jobs_3.7.0.v20150330-2103.jar:na]
Caused by: org.eclipse.aether.transfer.ArtifactTransferException: Could not transfer artifact org.eclipse.recommenders:index:zip:0.0.0-SNAPSHOT from/to models (http://download.eclipse.org/recommenders/models/mars/): download.eclipse.org
	at org.eclipse.aether.connector.basic.ArtifactTransportListener.transferFailed(ArtifactTransportListener.java:43) ~[org.eclipse.aether.connector.basic_1.0.1.v20141111.jar:na]
	at org.eclipse.aether.connector.basic.BasicRepositoryConnector$TaskRunner.run(BasicRepositoryConnector.java:355) ~[org.eclipse.aether.connector.basic_1.0.1.v20141111.jar:na]
	at org.eclipse.aether.util.concurrency.RunnableErrorForwarder$1.run(RunnableErrorForwarder.java:67) ~[na:na]
	at org.eclipse.aether.connector.basic.BasicRepositoryConnector$DirectExecutor.execute(BasicRepositoryConnector.java:581) ~[org.eclipse.aether.connector.basic_1.0.1.v20141111.jar:na]
	at org.eclipse.aether.connector.basic.BasicRepositoryConnector.get(BasicRepositoryConnector.java:249) ~[org.eclipse.aether.connector.basic_1.0.1.v20141111.jar:na]
	at org.eclipse.aether.internal.impl.DefaultArtifactResolver.performDownloads(DefaultArtifactResolver.java:520) ~[na:na]
	at org.eclipse.aether.internal.impl.DefaultArtifactResolver.resolve(DefaultArtifactResolver.java:421) ~[na:na]
	... 8 common frames omitted
Caused by: java.net.UnknownHostException: download.eclipse.org
	at java.net.InetAddress.getAllByName0(Unknown Source) ~[na:1.8.0_321]
	at java.net.InetAddress.getAllByName(Unknown Source) ~[na:1.8.0_321]
	at java.net.InetAddress.getAllByName(Unknown Source) ~[na:1.8.0_321]
	at org.apache.http.impl.conn.SystemDefaultDnsResolver.resolve(SystemDefaultDnsResolver.java:44) ~[na:na]
	at org.apache.http.impl.conn.DefaultClientConnectionOperator.resolveHostname(DefaultClientConnectionOperator.java:259) ~[na:na]
	at org.apache.http.impl.conn.DefaultClientConnectionOperator.openConnection(DefaultClientConnectionOperator.java:159) ~[na:na]
	at org.apache.http.impl.conn.ManagedClientConnectionImpl.open(ManagedClientConnectionImpl.java:304) ~[na:na]
	at org.apache.http.impl.client.DefaultRequestDirector.tryConnect(DefaultRequestDirector.java:611) ~[na:na]
	at org.apache.http.impl.client.DefaultRequestDirector.execute(DefaultRequestDirector.java:446) ~[na:na]
	at org.apache.http.impl.client.AbstractHttpClient.doExecute(AbstractHttpClient.java:863) ~[na:na]
	at org.apache.http.impl.client.CloseableHttpClient.execute(CloseableHttpClient.java:72) ~[na:na]
	at org.apache.http.impl.client.CloseableHttpClient.execute(CloseableHttpClient.java:57) ~[na:na]
	at org.apache.http.impl.client.DecompressingHttpClient.execute(DecompressingHttpClient.java:158) ~[na:na]
	at org.eclipse.aether.transport.http.HttpTransporter.execute(HttpTransporter.java:287) ~[org.eclipse.aether.transport.http_1.0.1.v20141111.jar:na]
	at org.eclipse.aether.transport.http.HttpTransporter.implGet(HttpTransporter.java:243) ~[org.eclipse.aether.transport.http_1.0.1.v20141111.jar:na]
	at org.eclipse.aether.spi.connector.transport.AbstractTransporter.get(AbstractTransporter.java:59) ~[org.eclipse.aether.spi_1.0.1.v20141111.jar:na]
	at org.eclipse.aether.connector.basic.BasicRepositoryConnector$GetTaskRunner.runTask(BasicRepositoryConnector.java:447) ~[org.eclipse.aether.connector.basic_1.0.1.v20141111.jar:na]
	at org.eclipse.aether.connector.basic.BasicRepositoryConnector$TaskRunner.run(BasicRepositoryConnector.java:350) ~[org.eclipse.aether.connector.basic_1.0.1.v20141111.jar:na]
	... 13 common frames omitted
2022-06-24 13:24:39,794 [Worker-41] WARN  o.e.r.models.ModelRepository - Failed to download org.eclipse.recommenders:index::zip:0.0.0
org.eclipse.aether.resolution.ArtifactResolutionException: Could not find artifact org.eclipse.recommenders:index:zip:0.0.0-SNAPSHOT in models (http://download.eclipse.org/recommenders/models/mars/)
	at org.eclipse.aether.internal.impl.DefaultArtifactResolver.resolve(DefaultArtifactResolver.java:444) ~[na:na]
	at org.eclipse.aether.internal.impl.DefaultArtifactResolver.resolveArtifacts(DefaultArtifactResolver.java:246) ~[na:na]
	at org.eclipse.aether.internal.impl.DefaultArtifactResolver.resolveArtifact(DefaultArtifactResolver.java:223) ~[na:na]
	at org.eclipse.aether.internal.impl.DefaultRepositorySystem.resolveArtifact(DefaultRepositorySystem.java:294) ~[na:na]
	at org.eclipse.recommenders.models.ModelRepository.resolveInternal(ModelRepository.java:192) [org.eclipse.recommenders.models_2.3.0.v20160216-1255.jar:na]
	at org.eclipse.recommenders.models.ModelRepository.resolve(ModelRepository.java:174) [org.eclipse.recommenders.models_2.3.0.v20160216-1255.jar:na]
	at org.eclipse.recommenders.internal.models.rcp.EclipseModelRepository.resolve(EclipseModelRepository.java:165) [org.eclipse.recommenders.models.rcp_2.3.0.v20160216-1255.jar:na]
	at org.eclipse.recommenders.internal.models.rcp.DownloadModelArchiveJob.run(DownloadModelArchiveJob.java:76) [org.eclipse.recommenders.models.rcp_2.3.0.v20160216-1255.jar:na]
	at org.eclipse.core.internal.jobs.Worker.run(Worker.java:55) [org.eclipse.core.jobs_3.7.0.v20150330-2103.jar:na]
Caused by: org.eclipse.aether.transfer.ArtifactNotFoundException: Could not find artifact org.eclipse.recommenders:index:zip:0.0.0-SNAPSHOT in models (http://download.eclipse.org/recommenders/models/mars/)
	at org.eclipse.aether.connector.basic.ArtifactTransportListener.transferFailed(ArtifactTransportListener.java:39) ~[org.eclipse.aether.connector.basic_1.0.1.v20141111.jar:na]
	at org.eclipse.aether.connector.basic.BasicRepositoryConnector$TaskRunner.run(BasicRepositoryConnector.java:355) ~[org.eclipse.aether.connector.basic_1.0.1.v20141111.jar:na]
	at org.eclipse.aether.util.concurrency.RunnableErrorForwarder$1.run(RunnableErrorForwarder.java:67) ~[na:na]
	at org.eclipse.aether.connector.basic.BasicRepositoryConnector$DirectExecutor.execute(BasicRepositoryConnector.java:581) ~[org.eclipse.aether.connector.basic_1.0.1.v20141111.jar:na]
	at org.eclipse.aether.connector.basic.BasicRepositoryConnector.get(BasicRepositoryConnector.java:249) ~[org.eclipse.aether.connector.basic_1.0.1.v20141111.jar:na]
	at org.eclipse.aether.internal.impl.DefaultArtifactResolver.performDownloads(DefaultArtifactResolver.java:520) ~[na:na]
	at org.eclipse.aether.internal.impl.DefaultArtifactResolver.resolve(DefaultArtifactResolver.java:421) ~[na:na]
	... 8 common frames omitted
2022-07-04 09:54:18,831 [Worker-37] WARN  o.e.r.models.ModelRepository - Failed to download org.eclipse.recommenders:index::zip:0.0.0
org.eclipse.aether.resolution.ArtifactResolutionException: Could not find artifact org.eclipse.recommenders:index:zip:0.0.0-SNAPSHOT in models (http://download.eclipse.org/recommenders/models/mars/)
	at org.eclipse.aether.internal.impl.DefaultArtifactResolver.resolve(DefaultArtifactResolver.java:444) ~[na:na]
	at org.eclipse.aether.internal.impl.DefaultArtifactResolver.resolveArtifacts(DefaultArtifactResolver.java:246) ~[na:na]
	at org.eclipse.aether.internal.impl.DefaultArtifactResolver.resolveArtifact(DefaultArtifactResolver.java:223) ~[na:na]
	at org.eclipse.aether.internal.impl.DefaultRepositorySystem.resolveArtifact(DefaultRepositorySystem.java:294) ~[na:na]
	at org.eclipse.recommenders.models.ModelRepository.resolveInternal(ModelRepository.java:192) [org.eclipse.recommenders.models_2.3.0.v20160216-1255.jar:na]
	at org.eclipse.recommenders.models.ModelRepository.resolve(ModelRepository.java:174) [org.eclipse.recommenders.models_2.3.0.v20160216-1255.jar:na]
	at org.eclipse.recommenders.internal.models.rcp.EclipseModelRepository.resolve(EclipseModelRepository.java:165) [org.eclipse.recommenders.models.rcp_2.3.0.v20160216-1255.jar:na]
	at org.eclipse.recommenders.internal.models.rcp.DownloadModelArchiveJob.run(DownloadModelArchiveJob.java:76) [org.eclipse.recommenders.models.rcp_2.3.0.v20160216-1255.jar:na]
	at org.eclipse.core.internal.jobs.Worker.run(Worker.java:55) [org.eclipse.core.jobs_3.7.0.v20150330-2103.jar:na]
Caused by: org.eclipse.aether.transfer.ArtifactNotFoundException: Could not find artifact org.eclipse.recommenders:index:zip:0.0.0-SNAPSHOT in models (http://download.eclipse.org/recommenders/models/mars/)
	at org.eclipse.aether.connector.basic.ArtifactTransportListener.transferFailed(ArtifactTransportListener.java:39) ~[org.eclipse.aether.connector.basic_1.0.1.v20141111.jar:na]
	at org.eclipse.aether.connector.basic.BasicRepositoryConnector$TaskRunner.run(BasicRepositoryConnector.java:355) ~[org.eclipse.aether.connector.basic_1.0.1.v20141111.jar:na]
	at org.eclipse.aether.util.concurrency.RunnableErrorForwarder$1.run(RunnableErrorForwarder.java:67) ~[na:na]
	at org.eclipse.aether.connector.basic.BasicRepositoryConnector$DirectExecutor.execute(BasicRepositoryConnector.java:581) ~[org.eclipse.aether.connector.basic_1.0.1.v20141111.jar:na]
	at org.eclipse.aether.connector.basic.BasicRepositoryConnector.get(BasicRepositoryConnector.java:249) ~[org.eclipse.aether.connector.basic_1.0.1.v20141111.jar:na]
	at org.eclipse.aether.internal.impl.DefaultArtifactResolver.performDownloads(DefaultArtifactResolver.java:520) ~[na:na]
	at org.eclipse.aether.internal.impl.DefaultArtifactResolver.resolve(DefaultArtifactResolver.java:421) ~[na:na]
	... 8 common frames omitted
2022-07-04 21:34:43,066 [Worker-58] WARN  o.e.r.models.ModelRepository - Failed to download org.eclipse.recommenders:index::zip:0.0.0
org.eclipse.aether.resolution.ArtifactResolutionException: Could not transfer artifact org.eclipse.recommenders:index:zip:0.0.0-SNAPSHOT from/to models (http://download.eclipse.org/recommenders/models/mars/): download.eclipse.org
	at org.eclipse.aether.internal.impl.DefaultArtifactResolver.resolve(DefaultArtifactResolver.java:444) ~[na:na]
	at org.eclipse.aether.internal.impl.DefaultArtifactResolver.resolveArtifacts(DefaultArtifactResolver.java:246) ~[na:na]
	at org.eclipse.aether.internal.impl.DefaultArtifactResolver.resolveArtifact(DefaultArtifactResolver.java:223) ~[na:na]
	at org.eclipse.aether.internal.impl.DefaultRepositorySystem.resolveArtifact(DefaultRepositorySystem.java:294) ~[na:na]
	at org.eclipse.recommenders.models.ModelRepository.resolveInternal(ModelRepository.java:192) [org.eclipse.recommenders.models_2.3.0.v20160216-1255.jar:na]
	at org.eclipse.recommenders.models.ModelRepository.resolve(ModelRepository.java:174) [org.eclipse.recommenders.models_2.3.0.v20160216-1255.jar:na]
	at org.eclipse.recommenders.internal.models.rcp.EclipseModelRepository.resolve(EclipseModelRepository.java:165) [org.eclipse.recommenders.models.rcp_2.3.0.v20160216-1255.jar:na]
	at org.eclipse.recommenders.internal.models.rcp.DownloadModelArchiveJob.run(DownloadModelArchiveJob.java:76) [org.eclipse.recommenders.models.rcp_2.3.0.v20160216-1255.jar:na]
	at org.eclipse.core.internal.jobs.Worker.run(Worker.java:55) [org.eclipse.core.jobs_3.7.0.v20150330-2103.jar:na]
Caused by: org.eclipse.aether.transfer.ArtifactTransferException: Could not transfer artifact org.eclipse.recommenders:index:zip:0.0.0-SNAPSHOT from/to models (http://download.eclipse.org/recommenders/models/mars/): download.eclipse.org
	at org.eclipse.aether.connector.basic.ArtifactTransportListener.transferFailed(ArtifactTransportListener.java:43) ~[org.eclipse.aether.connector.basic_1.0.1.v20141111.jar:na]
	at org.eclipse.aether.connector.basic.BasicRepositoryConnector$TaskRunner.run(BasicRepositoryConnector.java:355) ~[org.eclipse.aether.connector.basic_1.0.1.v20141111.jar:na]
	at org.eclipse.aether.util.concurrency.RunnableErrorForwarder$1.run(RunnableErrorForwarder.java:67) ~[na:na]
	at org.eclipse.aether.connector.basic.BasicRepositoryConnector$DirectExecutor.execute(BasicRepositoryConnector.java:581) ~[org.eclipse.aether.connector.basic_1.0.1.v20141111.jar:na]
	at org.eclipse.aether.connector.basic.BasicRepositoryConnector.get(BasicRepositoryConnector.java:249) ~[org.eclipse.aether.connector.basic_1.0.1.v20141111.jar:na]
	at org.eclipse.aether.internal.impl.DefaultArtifactResolver.performDownloads(DefaultArtifactResolver.java:520) ~[na:na]
	at org.eclipse.aether.internal.impl.DefaultArtifactResolver.resolve(DefaultArtifactResolver.java:421) ~[na:na]
	... 8 common frames omitted
Caused by: java.net.UnknownHostException: download.eclipse.org
	at java.net.InetAddress.getAllByName0(Unknown Source) ~[na:1.8.0_321]
	at java.net.InetAddress.getAllByName(Unknown Source) ~[na:1.8.0_321]
	at java.net.InetAddress.getAllByName(Unknown Source) ~[na:1.8.0_321]
	at org.apache.http.impl.conn.SystemDefaultDnsResolver.resolve(SystemDefaultDnsResolver.java:44) ~[na:na]
	at org.apache.http.impl.conn.DefaultClientConnectionOperator.resolveHostname(DefaultClientConnectionOperator.java:259) ~[na:na]
	at org.apache.http.impl.conn.DefaultClientConnectionOperator.openConnection(DefaultClientConnectionOperator.java:159) ~[na:na]
	at org.apache.http.impl.conn.ManagedClientConnectionImpl.open(ManagedClientConnectionImpl.java:304) ~[na:na]
	at org.apache.http.impl.client.DefaultRequestDirector.tryConnect(DefaultRequestDirector.java:611) ~[na:na]
	at org.apache.http.impl.client.DefaultRequestDirector.execute(DefaultRequestDirector.java:446) ~[na:na]
	at org.apache.http.impl.client.AbstractHttpClient.doExecute(AbstractHttpClient.java:863) ~[na:na]
	at org.apache.http.impl.client.CloseableHttpClient.execute(CloseableHttpClient.java:72) ~[na:na]
	at org.apache.http.impl.client.CloseableHttpClient.execute(CloseableHttpClient.java:57) ~[na:na]
	at org.apache.http.impl.client.DecompressingHttpClient.execute(DecompressingHttpClient.java:158) ~[na:na]
	at org.eclipse.aether.transport.http.HttpTransporter.execute(HttpTransporter.java:287) ~[org.eclipse.aether.transport.http_1.0.1.v20141111.jar:na]
	at org.eclipse.aether.transport.http.HttpTransporter.implGet(HttpTransporter.java:243) ~[org.eclipse.aether.transport.http_1.0.1.v20141111.jar:na]
	at org.eclipse.aether.spi.connector.transport.AbstractTransporter.get(AbstractTransporter.java:59) ~[org.eclipse.aether.spi_1.0.1.v20141111.jar:na]
	at org.eclipse.aether.connector.basic.BasicRepositoryConnector$GetTaskRunner.runTask(BasicRepositoryConnector.java:447) ~[org.eclipse.aether.connector.basic_1.0.1.v20141111.jar:na]
	at org.eclipse.aether.connector.basic.BasicRepositoryConnector$TaskRunner.run(BasicRepositoryConnector.java:350) ~[org.eclipse.aether.connector.basic_1.0.1.v20141111.jar:na]
	... 13 common frames omitted
2022-07-06 02:49:40,049 [Worker-37] WARN  o.e.r.models.ModelRepository - Failed to download org.eclipse.recommenders:index::zip:0.0.0
org.eclipse.aether.resolution.ArtifactResolutionException: Could not find artifact org.eclipse.recommenders:index:zip:0.0.0-SNAPSHOT in models (http://download.eclipse.org/recommenders/models/mars/)
	at org.eclipse.aether.internal.impl.DefaultArtifactResolver.resolve(DefaultArtifactResolver.java:444) ~[na:na]
	at org.eclipse.aether.internal.impl.DefaultArtifactResolver.resolveArtifacts(DefaultArtifactResolver.java:246) ~[na:na]
	at org.eclipse.aether.internal.impl.DefaultArtifactResolver.resolveArtifact(DefaultArtifactResolver.java:223) ~[na:na]
	at org.eclipse.aether.internal.impl.DefaultRepositorySystem.resolveArtifact(DefaultRepositorySystem.java:294) ~[na:na]
	at org.eclipse.recommenders.models.ModelRepository.resolveInternal(ModelRepository.java:192) [org.eclipse.recommenders.models_2.3.0.v20160216-1255.jar:na]
	at org.eclipse.recommenders.models.ModelRepository.resolve(ModelRepository.java:174) [org.eclipse.recommenders.models_2.3.0.v20160216-1255.jar:na]
	at org.eclipse.recommenders.internal.models.rcp.EclipseModelRepository.resolve(EclipseModelRepository.java:165) [org.eclipse.recommenders.models.rcp_2.3.0.v20160216-1255.jar:na]
	at org.eclipse.recommenders.internal.models.rcp.DownloadModelArchiveJob.run(DownloadModelArchiveJob.java:76) [org.eclipse.recommenders.models.rcp_2.3.0.v20160216-1255.jar:na]
	at org.eclipse.core.internal.jobs.Worker.run(Worker.java:55) [org.eclipse.core.jobs_3.7.0.v20150330-2103.jar:na]
Caused by: org.eclipse.aether.transfer.ArtifactNotFoundException: Could not find artifact org.eclipse.recommenders:index:zip:0.0.0-SNAPSHOT in models (http://download.eclipse.org/recommenders/models/mars/)
	at org.eclipse.aether.connector.basic.ArtifactTransportListener.transferFailed(ArtifactTransportListener.java:39) ~[org.eclipse.aether.connector.basic_1.0.1.v20141111.jar:na]
	at org.eclipse.aether.connector.basic.BasicRepositoryConnector$TaskRunner.run(BasicRepositoryConnector.java:355) ~[org.eclipse.aether.connector.basic_1.0.1.v20141111.jar:na]
	at org.eclipse.aether.util.concurrency.RunnableErrorForwarder$1.run(RunnableErrorForwarder.java:67) ~[na:na]
	at org.eclipse.aether.connector.basic.BasicRepositoryConnector$DirectExecutor.execute(BasicRepositoryConnector.java:581) ~[org.eclipse.aether.connector.basic_1.0.1.v20141111.jar:na]
	at org.eclipse.aether.connector.basic.BasicRepositoryConnector.get(BasicRepositoryConnector.java:249) ~[org.eclipse.aether.connector.basic_1.0.1.v20141111.jar:na]
	at org.eclipse.aether.internal.impl.DefaultArtifactResolver.performDownloads(DefaultArtifactResolver.java:520) ~[na:na]
	at org.eclipse.aether.internal.impl.DefaultArtifactResolver.resolve(DefaultArtifactResolver.java:421) ~[na:na]
	... 8 common frames omitted
2022-07-07 00:49:27,645 [Worker-71] WARN  o.e.r.models.ModelRepository - Failed to download org.eclipse.recommenders:index::zip:0.0.0
org.eclipse.aether.resolution.ArtifactResolutionException: Could not transfer artifact org.eclipse.recommenders:index:zip:0.0.0-SNAPSHOT from/to models (http://download.eclipse.org/recommenders/models/mars/): download.eclipse.org
	at org.eclipse.aether.internal.impl.DefaultArtifactResolver.resolve(DefaultArtifactResolver.java:444) ~[na:na]
	at org.eclipse.aether.internal.impl.DefaultArtifactResolver.resolveArtifacts(DefaultArtifactResolver.java:246) ~[na:na]
	at org.eclipse.aether.internal.impl.DefaultArtifactResolver.resolveArtifact(DefaultArtifactResolver.java:223) ~[na:na]
	at org.eclipse.aether.internal.impl.DefaultRepositorySystem.resolveArtifact(DefaultRepositorySystem.java:294) ~[na:na]
	at org.eclipse.recommenders.models.ModelRepository.resolveInternal(ModelRepository.java:192) [org.eclipse.recommenders.models_2.3.0.v20160216-1255.jar:na]
	at org.eclipse.recommenders.models.ModelRepository.resolve(ModelRepository.java:174) [org.eclipse.recommenders.models_2.3.0.v20160216-1255.jar:na]
	at org.eclipse.recommenders.internal.models.rcp.EclipseModelRepository.resolve(EclipseModelRepository.java:165) [org.eclipse.recommenders.models.rcp_2.3.0.v20160216-1255.jar:na]
	at org.eclipse.recommenders.internal.models.rcp.DownloadModelArchiveJob.run(DownloadModelArchiveJob.java:76) [org.eclipse.recommenders.models.rcp_2.3.0.v20160216-1255.jar:na]
	at org.eclipse.core.internal.jobs.Worker.run(Worker.java:55) [org.eclipse.core.jobs_3.7.0.v20150330-2103.jar:na]
Caused by: org.eclipse.aether.transfer.ArtifactTransferException: Could not transfer artifact org.eclipse.recommenders:index:zip:0.0.0-SNAPSHOT from/to models (http://download.eclipse.org/recommenders/models/mars/): download.eclipse.org
	at org.eclipse.aether.connector.basic.ArtifactTransportListener.transferFailed(ArtifactTransportListener.java:43) ~[org.eclipse.aether.connector.basic_1.0.1.v20141111.jar:na]
	at org.eclipse.aether.connector.basic.BasicRepositoryConnector$TaskRunner.run(BasicRepositoryConnector.java:355) ~[org.eclipse.aether.connector.basic_1.0.1.v20141111.jar:na]
	at org.eclipse.aether.util.concurrency.RunnableErrorForwarder$1.run(RunnableErrorForwarder.java:67) ~[na:na]
	at org.eclipse.aether.connector.basic.BasicRepositoryConnector$DirectExecutor.execute(BasicRepositoryConnector.java:581) ~[org.eclipse.aether.connector.basic_1.0.1.v20141111.jar:na]
	at org.eclipse.aether.connector.basic.BasicRepositoryConnector.get(BasicRepositoryConnector.java:249) ~[org.eclipse.aether.connector.basic_1.0.1.v20141111.jar:na]
	at org.eclipse.aether.internal.impl.DefaultArtifactResolver.performDownloads(DefaultArtifactResolver.java:520) ~[na:na]
	at org.eclipse.aether.internal.impl.DefaultArtifactResolver.resolve(DefaultArtifactResolver.java:421) ~[na:na]
	... 8 common frames omitted
Caused by: java.net.UnknownHostException: download.eclipse.org
	at java.net.InetAddress.getAllByName0(Unknown Source) ~[na:1.8.0_321]
	at java.net.InetAddress.getAllByName(Unknown Source) ~[na:1.8.0_321]
	at java.net.InetAddress.getAllByName(Unknown Source) ~[na:1.8.0_321]
	at org.apache.http.impl.conn.SystemDefaultDnsResolver.resolve(SystemDefaultDnsResolver.java:44) ~[na:na]
	at org.apache.http.impl.conn.DefaultClientConnectionOperator.resolveHostname(DefaultClientConnectionOperator.java:259) ~[na:na]
	at org.apache.http.impl.conn.DefaultClientConnectionOperator.openConnection(DefaultClientConnectionOperator.java:159) ~[na:na]
	at org.apache.http.impl.conn.ManagedClientConnectionImpl.open(ManagedClientConnectionImpl.java:304) ~[na:na]
	at org.apache.http.impl.client.DefaultRequestDirector.tryConnect(DefaultRequestDirector.java:611) ~[na:na]
	at org.apache.http.impl.client.DefaultRequestDirector.execute(DefaultRequestDirector.java:446) ~[na:na]
	at org.apache.http.impl.client.AbstractHttpClient.doExecute(AbstractHttpClient.java:863) ~[na:na]
	at org.apache.http.impl.client.CloseableHttpClient.execute(CloseableHttpClient.java:72) ~[na:na]
	at org.apache.http.impl.client.CloseableHttpClient.execute(CloseableHttpClient.java:57) ~[na:na]
	at org.apache.http.impl.client.DecompressingHttpClient.execute(DecompressingHttpClient.java:158) ~[na:na]
	at org.eclipse.aether.transport.http.HttpTransporter.execute(HttpTransporter.java:287) ~[org.eclipse.aether.transport.http_1.0.1.v20141111.jar:na]
	at org.eclipse.aether.transport.http.HttpTransporter.implGet(HttpTransporter.java:243) ~[org.eclipse.aether.transport.http_1.0.1.v20141111.jar:na]
	at org.eclipse.aether.spi.connector.transport.AbstractTransporter.get(AbstractTransporter.java:59) ~[org.eclipse.aether.spi_1.0.1.v20141111.jar:na]
	at org.eclipse.aether.connector.basic.BasicRepositoryConnector$GetTaskRunner.runTask(BasicRepositoryConnector.java:447) ~[org.eclipse.aether.connector.basic_1.0.1.v20141111.jar:na]
	at org.eclipse.aether.connector.basic.BasicRepositoryConnector$TaskRunner.run(BasicRepositoryConnector.java:350) ~[org.eclipse.aether.connector.basic_1.0.1.v20141111.jar:na]
	... 13 common frames omitted
2022-07-07 07:45:26,191 [Worker-14] WARN  o.e.r.models.ModelRepository - Failed to download org.eclipse.recommenders:index::zip:0.0.0
org.eclipse.aether.resolution.ArtifactResolutionException: Could not transfer artifact org.eclipse.recommenders:index:zip:0.0.0-SNAPSHOT from/to models (http://download.eclipse.org/recommenders/models/mars/): download.eclipse.org
	at org.eclipse.aether.internal.impl.DefaultArtifactResolver.resolve(DefaultArtifactResolver.java:444) ~[na:na]
	at org.eclipse.aether.internal.impl.DefaultArtifactResolver.resolveArtifacts(DefaultArtifactResolver.java:246) ~[na:na]
	at org.eclipse.aether.internal.impl.DefaultArtifactResolver.resolveArtifact(DefaultArtifactResolver.java:223) ~[na:na]
	at org.eclipse.aether.internal.impl.DefaultRepositorySystem.resolveArtifact(DefaultRepositorySystem.java:294) ~[na:na]
	at org.eclipse.recommenders.models.ModelRepository.resolveInternal(ModelRepository.java:192) [org.eclipse.recommenders.models_2.3.0.v20160216-1255.jar:na]
	at org.eclipse.recommenders.models.ModelRepository.resolve(ModelRepository.java:174) [org.eclipse.recommenders.models_2.3.0.v20160216-1255.jar:na]
	at org.eclipse.recommenders.internal.models.rcp.EclipseModelRepository.resolve(EclipseModelRepository.java:165) [org.eclipse.recommenders.models.rcp_2.3.0.v20160216-1255.jar:na]
	at org.eclipse.recommenders.internal.models.rcp.DownloadModelArchiveJob.run(DownloadModelArchiveJob.java:76) [org.eclipse.recommenders.models.rcp_2.3.0.v20160216-1255.jar:na]
	at org.eclipse.core.internal.jobs.Worker.run(Worker.java:55) [org.eclipse.core.jobs_3.7.0.v20150330-2103.jar:na]
Caused by: org.eclipse.aether.transfer.ArtifactTransferException: Could not transfer artifact org.eclipse.recommenders:index:zip:0.0.0-SNAPSHOT from/to models (http://download.eclipse.org/recommenders/models/mars/): download.eclipse.org
	at org.eclipse.aether.connector.basic.ArtifactTransportListener.transferFailed(ArtifactTransportListener.java:43) ~[org.eclipse.aether.connector.basic_1.0.1.v20141111.jar:na]
	at org.eclipse.aether.connector.basic.BasicRepositoryConnector$TaskRunner.run(BasicRepositoryConnector.java:355) ~[org.eclipse.aether.connector.basic_1.0.1.v20141111.jar:na]
	at org.eclipse.aether.util.concurrency.RunnableErrorForwarder$1.run(RunnableErrorForwarder.java:67) ~[na:na]
	at org.eclipse.aether.connector.basic.BasicRepositoryConnector$DirectExecutor.execute(BasicRepositoryConnector.java:581) ~[org.eclipse.aether.connector.basic_1.0.1.v20141111.jar:na]
	at org.eclipse.aether.connector.basic.BasicRepositoryConnector.get(BasicRepositoryConnector.java:249) ~[org.eclipse.aether.connector.basic_1.0.1.v20141111.jar:na]
	at org.eclipse.aether.internal.impl.DefaultArtifactResolver.performDownloads(DefaultArtifactResolver.java:520) ~[na:na]
	at org.eclipse.aether.internal.impl.DefaultArtifactResolver.resolve(DefaultArtifactResolver.java:421) ~[na:na]
	... 8 common frames omitted
Caused by: java.net.UnknownHostException: download.eclipse.org
	at java.net.InetAddress.getAllByName0(Unknown Source) ~[na:1.8.0_321]
	at java.net.InetAddress.getAllByName(Unknown Source) ~[na:1.8.0_321]
	at java.net.InetAddress.getAllByName(Unknown Source) ~[na:1.8.0_321]
	at org.apache.http.impl.conn.SystemDefaultDnsResolver.resolve(SystemDefaultDnsResolver.java:44) ~[na:na]
	at org.apache.http.impl.conn.DefaultClientConnectionOperator.resolveHostname(DefaultClientConnectionOperator.java:259) ~[na:na]
	at org.apache.http.impl.conn.DefaultClientConnectionOperator.openConnection(DefaultClientConnectionOperator.java:159) ~[na:na]
	at org.apache.http.impl.conn.ManagedClientConnectionImpl.open(ManagedClientConnectionImpl.java:304) ~[na:na]
	at org.apache.http.impl.client.DefaultRequestDirector.tryConnect(DefaultRequestDirector.java:611) ~[na:na]
	at org.apache.http.impl.client.DefaultRequestDirector.execute(DefaultRequestDirector.java:446) ~[na:na]
	at org.apache.http.impl.client.AbstractHttpClient.doExecute(AbstractHttpClient.java:863) ~[na:na]
	at org.apache.http.impl.client.CloseableHttpClient.execute(CloseableHttpClient.java:72) ~[na:na]
	at org.apache.http.impl.client.CloseableHttpClient.execute(CloseableHttpClient.java:57) ~[na:na]
	at org.apache.http.impl.client.DecompressingHttpClient.execute(DecompressingHttpClient.java:158) ~[na:na]
	at org.eclipse.aether.transport.http.HttpTransporter.execute(HttpTransporter.java:287) ~[org.eclipse.aether.transport.http_1.0.1.v20141111.jar:na]
	at org.eclipse.aether.transport.http.HttpTransporter.implGet(HttpTransporter.java:243) ~[org.eclipse.aether.transport.http_1.0.1.v20141111.jar:na]
	at org.eclipse.aether.spi.connector.transport.AbstractTransporter.get(AbstractTransporter.java:59) ~[org.eclipse.aether.spi_1.0.1.v20141111.jar:na]
	at org.eclipse.aether.connector.basic.BasicRepositoryConnector$GetTaskRunner.runTask(BasicRepositoryConnector.java:447) ~[org.eclipse.aether.connector.basic_1.0.1.v20141111.jar:na]
	at org.eclipse.aether.connector.basic.BasicRepositoryConnector$TaskRunner.run(BasicRepositoryConnector.java:350) ~[org.eclipse.aether.connector.basic_1.0.1.v20141111.jar:na]
	... 13 common frames omitted
2022-07-09 13:43:01,710 [Worker-193] WARN  o.e.r.models.ModelRepository - Failed to download org.eclipse.recommenders:index::zip:0.0.0
org.eclipse.aether.resolution.ArtifactResolutionException: Could not transfer artifact org.eclipse.recommenders:index:zip:0.0.0-SNAPSHOT from/to models (http://download.eclipse.org/recommenders/models/mars/): download.eclipse.org
	at org.eclipse.aether.internal.impl.DefaultArtifactResolver.resolve(DefaultArtifactResolver.java:444) ~[na:na]
	at org.eclipse.aether.internal.impl.DefaultArtifactResolver.resolveArtifacts(DefaultArtifactResolver.java:246) ~[na:na]
	at org.eclipse.aether.internal.impl.DefaultArtifactResolver.resolveArtifact(DefaultArtifactResolver.java:223) ~[na:na]
	at org.eclipse.aether.internal.impl.DefaultRepositorySystem.resolveArtifact(DefaultRepositorySystem.java:294) ~[na:na]
	at org.eclipse.recommenders.models.ModelRepository.resolveInternal(ModelRepository.java:192) [org.eclipse.recommenders.models_2.3.0.v20160216-1255.jar:na]
	at org.eclipse.recommenders.models.ModelRepository.resolve(ModelRepository.java:174) [org.eclipse.recommenders.models_2.3.0.v20160216-1255.jar:na]
	at org.eclipse.recommenders.internal.models.rcp.EclipseModelRepository.resolve(EclipseModelRepository.java:165) [org.eclipse.recommenders.models.rcp_2.3.0.v20160216-1255.jar:na]
	at org.eclipse.recommenders.internal.models.rcp.DownloadModelArchiveJob.run(DownloadModelArchiveJob.java:76) [org.eclipse.recommenders.models.rcp_2.3.0.v20160216-1255.jar:na]
	at org.eclipse.core.internal.jobs.Worker.run(Worker.java:55) [org.eclipse.core.jobs_3.7.0.v20150330-2103.jar:na]
Caused by: org.eclipse.aether.transfer.ArtifactTransferException: Could not transfer artifact org.eclipse.recommenders:index:zip:0.0.0-SNAPSHOT from/to models (http://download.eclipse.org/recommenders/models/mars/): download.eclipse.org
	at org.eclipse.aether.connector.basic.ArtifactTransportListener.transferFailed(ArtifactTransportListener.java:43) ~[org.eclipse.aether.connector.basic_1.0.1.v20141111.jar:na]
	at org.eclipse.aether.connector.basic.BasicRepositoryConnector$TaskRunner.run(BasicRepositoryConnector.java:355) ~[org.eclipse.aether.connector.basic_1.0.1.v20141111.jar:na]
	at org.eclipse.aether.util.concurrency.RunnableErrorForwarder$1.run(RunnableErrorForwarder.java:67) ~[na:na]
	at org.eclipse.aether.connector.basic.BasicRepositoryConnector$DirectExecutor.execute(BasicRepositoryConnector.java:581) ~[org.eclipse.aether.connector.basic_1.0.1.v20141111.jar:na]
	at org.eclipse.aether.connector.basic.BasicRepositoryConnector.get(BasicRepositoryConnector.java:249) ~[org.eclipse.aether.connector.basic_1.0.1.v20141111.jar:na]
	at org.eclipse.aether.internal.impl.DefaultArtifactResolver.performDownloads(DefaultArtifactResolver.java:520) ~[na:na]
	at org.eclipse.aether.internal.impl.DefaultArtifactResolver.resolve(DefaultArtifactResolver.java:421) ~[na:na]
	... 8 common frames omitted
Caused by: java.net.UnknownHostException: download.eclipse.org
	at java.net.InetAddress.getAllByName0(Unknown Source) ~[na:1.8.0_321]
	at java.net.InetAddress.getAllByName(Unknown Source) ~[na:1.8.0_321]
	at java.net.InetAddress.getAllByName(Unknown Source) ~[na:1.8.0_321]
	at org.apache.http.impl.conn.SystemDefaultDnsResolver.resolve(SystemDefaultDnsResolver.java:44) ~[na:na]
	at org.apache.http.impl.conn.DefaultClientConnectionOperator.resolveHostname(DefaultClientConnectionOperator.java:259) ~[na:na]
	at org.apache.http.impl.conn.DefaultClientConnectionOperator.openConnection(DefaultClientConnectionOperator.java:159) ~[na:na]
	at org.apache.http.impl.conn.ManagedClientConnectionImpl.open(ManagedClientConnectionImpl.java:304) ~[na:na]
	at org.apache.http.impl.client.DefaultRequestDirector.tryConnect(DefaultRequestDirector.java:611) ~[na:na]
	at org.apache.http.impl.client.DefaultRequestDirector.execute(DefaultRequestDirector.java:446) ~[na:na]
	at org.apache.http.impl.client.AbstractHttpClient.doExecute(AbstractHttpClient.java:863) ~[na:na]
	at org.apache.http.impl.client.CloseableHttpClient.execute(CloseableHttpClient.java:72) ~[na:na]
	at org.apache.http.impl.client.CloseableHttpClient.execute(CloseableHttpClient.java:57) ~[na:na]
	at org.apache.http.impl.client.DecompressingHttpClient.execute(DecompressingHttpClient.java:158) ~[na:na]
	at org.eclipse.aether.transport.http.HttpTransporter.execute(HttpTransporter.java:287) ~[org.eclipse.aether.transport.http_1.0.1.v20141111.jar:na]
	at org.eclipse.aether.transport.http.HttpTransporter.implGet(HttpTransporter.java:243) ~[org.eclipse.aether.transport.http_1.0.1.v20141111.jar:na]
	at org.eclipse.aether.spi.connector.transport.AbstractTransporter.get(AbstractTransporter.java:59) ~[org.eclipse.aether.spi_1.0.1.v20141111.jar:na]
	at org.eclipse.aether.connector.basic.BasicRepositoryConnector$GetTaskRunner.runTask(BasicRepositoryConnector.java:447) ~[org.eclipse.aether.connector.basic_1.0.1.v20141111.jar:na]
	at org.eclipse.aether.connector.basic.BasicRepositoryConnector$TaskRunner.run(BasicRepositoryConnector.java:350) ~[org.eclipse.aether.connector.basic_1.0.1.v20141111.jar:na]
	... 13 common frames omitted
2022-07-09 22:32:28,157 [Worker-26] WARN  o.e.r.models.ModelRepository - Failed to download org.eclipse.recommenders:index::zip:0.0.0
org.eclipse.aether.resolution.ArtifactResolutionException: Could not transfer artifact org.eclipse.recommenders:index:zip:0.0.0-SNAPSHOT from/to models (http://download.eclipse.org/recommenders/models/mars/): download.eclipse.org
	at org.eclipse.aether.internal.impl.DefaultArtifactResolver.resolve(DefaultArtifactResolver.java:444) ~[na:na]
	at org.eclipse.aether.internal.impl.DefaultArtifactResolver.resolveArtifacts(DefaultArtifactResolver.java:246) ~[na:na]
	at org.eclipse.aether.internal.impl.DefaultArtifactResolver.resolveArtifact(DefaultArtifactResolver.java:223) ~[na:na]
	at org.eclipse.aether.internal.impl.DefaultRepositorySystem.resolveArtifact(DefaultRepositorySystem.java:294) ~[na:na]
	at org.eclipse.recommenders.models.ModelRepository.resolveInternal(ModelRepository.java:192) [org.eclipse.recommenders.models_2.3.0.v20160216-1255.jar:na]
	at org.eclipse.recommenders.models.ModelRepository.resolve(ModelRepository.java:174) [org.eclipse.recommenders.models_2.3.0.v20160216-1255.jar:na]
	at org.eclipse.recommenders.internal.models.rcp.EclipseModelRepository.resolve(EclipseModelRepository.java:165) [org.eclipse.recommenders.models.rcp_2.3.0.v20160216-1255.jar:na]
	at org.eclipse.recommenders.internal.models.rcp.DownloadModelArchiveJob.run(DownloadModelArchiveJob.java:76) [org.eclipse.recommenders.models.rcp_2.3.0.v20160216-1255.jar:na]
	at org.eclipse.core.internal.jobs.Worker.run(Worker.java:55) [org.eclipse.core.jobs_3.7.0.v20150330-2103.jar:na]
Caused by: org.eclipse.aether.transfer.ArtifactTransferException: Could not transfer artifact org.eclipse.recommenders:index:zip:0.0.0-SNAPSHOT from/to models (http://download.eclipse.org/recommenders/models/mars/): download.eclipse.org
	at org.eclipse.aether.connector.basic.ArtifactTransportListener.transferFailed(ArtifactTransportListener.java:43) ~[org.eclipse.aether.connector.basic_1.0.1.v20141111.jar:na]
	at org.eclipse.aether.connector.basic.BasicRepositoryConnector$TaskRunner.run(BasicRepositoryConnector.java:355) ~[org.eclipse.aether.connector.basic_1.0.1.v20141111.jar:na]
	at org.eclipse.aether.util.concurrency.RunnableErrorForwarder$1.run(RunnableErrorForwarder.java:67) ~[na:na]
	at org.eclipse.aether.connector.basic.BasicRepositoryConnector$DirectExecutor.execute(BasicRepositoryConnector.java:581) ~[org.eclipse.aether.connector.basic_1.0.1.v20141111.jar:na]
	at org.eclipse.aether.connector.basic.BasicRepositoryConnector.get(BasicRepositoryConnector.java:249) ~[org.eclipse.aether.connector.basic_1.0.1.v20141111.jar:na]
	at org.eclipse.aether.internal.impl.DefaultArtifactResolver.performDownloads(DefaultArtifactResolver.java:520) ~[na:na]
	at org.eclipse.aether.internal.impl.DefaultArtifactResolver.resolve(DefaultArtifactResolver.java:421) ~[na:na]
	... 8 common frames omitted
Caused by: java.net.UnknownHostException: download.eclipse.org
	at java.net.InetAddress.getAllByName0(Unknown Source) ~[na:1.8.0_321]
	at java.net.InetAddress.getAllByName(Unknown Source) ~[na:1.8.0_321]
	at java.net.InetAddress.getAllByName(Unknown Source) ~[na:1.8.0_321]
	at org.apache.http.impl.conn.SystemDefaultDnsResolver.resolve(SystemDefaultDnsResolver.java:44) ~[na:na]
	at org.apache.http.impl.conn.DefaultClientConnectionOperator.resolveHostname(DefaultClientConnectionOperator.java:259) ~[na:na]
	at org.apache.http.impl.conn.DefaultClientConnectionOperator.openConnection(DefaultClientConnectionOperator.java:159) ~[na:na]
	at org.apache.http.impl.conn.ManagedClientConnectionImpl.open(ManagedClientConnectionImpl.java:304) ~[na:na]
	at org.apache.http.impl.client.DefaultRequestDirector.tryConnect(DefaultRequestDirector.java:611) ~[na:na]
	at org.apache.http.impl.client.DefaultRequestDirector.execute(DefaultRequestDirector.java:446) ~[na:na]
	at org.apache.http.impl.client.AbstractHttpClient.doExecute(AbstractHttpClient.java:863) ~[na:na]
	at org.apache.http.impl.client.CloseableHttpClient.execute(CloseableHttpClient.java:72) ~[na:na]
	at org.apache.http.impl.client.CloseableHttpClient.execute(CloseableHttpClient.java:57) ~[na:na]
	at org.apache.http.impl.client.DecompressingHttpClient.execute(DecompressingHttpClient.java:158) ~[na:na]
	at org.eclipse.aether.transport.http.HttpTransporter.execute(HttpTransporter.java:287) ~[org.eclipse.aether.transport.http_1.0.1.v20141111.jar:na]
	at org.eclipse.aether.transport.http.HttpTransporter.implGet(HttpTransporter.java:243) ~[org.eclipse.aether.transport.http_1.0.1.v20141111.jar:na]
	at org.eclipse.aether.spi.connector.transport.AbstractTransporter.get(AbstractTransporter.java:59) ~[org.eclipse.aether.spi_1.0.1.v20141111.jar:na]
	at org.eclipse.aether.connector.basic.BasicRepositoryConnector$GetTaskRunner.runTask(BasicRepositoryConnector.java:447) ~[org.eclipse.aether.connector.basic_1.0.1.v20141111.jar:na]
	at org.eclipse.aether.connector.basic.BasicRepositoryConnector$TaskRunner.run(BasicRepositoryConnector.java:350) ~[org.eclipse.aether.connector.basic_1.0.1.v20141111.jar:na]
	... 13 common frames omitted
